<?xml version="1.0" encoding="UTF-8" ?>
<testsuite tests="24" failures="0" name="com.mprzypadlo.tests.thserver.model.PlayerTest" time="0.117" errors="0" skipped="0">
  <properties>
[...]
</properties>
  <testcase classname="com.mprzypadlo.tests.thserver.model.PlayerTest" name="testPlayer_Removes_Item_When_Run_Out_Of_It" time="0.021"/>
  <testcase classname="com.mprzypadlo.tests.thserver.model.PlayerTest" name="testPlayer_Attacks" time="0.006"/>
  <testcase classname="com.mprzypadlo.tests.thserver.model.PlayerTest" name="testPlayer_Throws_Exception_When_Oponent_To_Far" time="0.011"/>
  <testcase classname="com.mprzypadlo.tests.thserver.model.PlayerTest" name="testPlayer_Has_Default_Weapon" time="0.001"/>
  <testcase classname="com.mprzypadlo.tests.thserver.model.PlayerTest" name="testPlayer_Decrease_Item_Count_When_Used" time="0.002"/>
  <testcase classname="com.mprzypadlo.tests.thserver.model.PlayerTest" name="testPlayer_Hanldes_Attack_With_Default_Hanlder" time="0.001"/>
  <testcase classname="com.mprzypadlo.tests.thserver.model.PlayerTest" name="testNew_Player_Is_On_Starting_Circle_And_Field" time="0"/>
  <testcase classname="com.mprzypadlo.tests.thserver.model.PlayerTest" name="testPlayer_Throws_Exception_When_Moving_To_Non_Existing_Circle" time="0"/>
  <testcase classname="com.mprzypadlo.tests.thserver.model.PlayerTest" name="testPlayer_Can_Move_Left" time="0.001"/>
  <testcase classname="com.mprzypadlo.tests.thserver.model.PlayerTest" name="testPlayer_Moves_To_Next_Circle" time="0.001"/>
  <testcase classname="com.mprzypadlo.tests.thserver.model.PlayerTest" name="testPlayer_Can_Move_Right" time="0.001"/>
  <testcase classname="com.mprzypadlo.tests.thserver.model.PlayerTest" name="testPreviously_Equipped_Weapon_Is_Added_To_Inventory" time="0.001"/>
  <testcase classname="com.mprzypadlo.tests.thserver.model.PlayerTest" name="testPlayer_Picks_Modifying_Items" time="0.006"/>
  <testcase classname="com.mprzypadlo.tests.thserver.model.PlayerTest" name="testPlayer_Has_Initial_Defense" time="0.001"/>
  <testcase classname="com.mprzypadlo.tests.thserver.model.PlayerTest" name="testPlayer_Can_Use_Usable_Items" time="0.001"/>
  <testcase classname="com.mprzypadlo.tests.thserver.model.PlayerTest" name="testPlayer_Has_Inital_HP" time="0.001"/>
  <testcase classname="com.mprzypadlo.tests.thserver.model.PlayerTest" name="testPlayer_Equips_Weapons" time="0.001"/>
  <testcase classname="com.mprzypadlo.tests.thserver.model.PlayerTest" name="testEquipped_Weapon_Is_Removed_From_Inventory" time="0"/>
  <testcase classname="com.mprzypadlo.tests.thserver.model.PlayerTest" name="testPlayer_Use_Registered_Attack_Hanlder_When_Available" time="0.047"/>
  <testcase classname="com.mprzypadlo.tests.thserver.model.PlayerTest" name="testPlayer_Picks_Up_Weapons" time="0.001"/>
  <testcase classname="com.mprzypadlo.tests.thserver.model.PlayerTest" name="testPlayer_Throws_Exception_When_Player_On_Other_Circle" time="0.001"/>
  <testcase classname="com.mprzypadlo.tests.thserver.model.PlayerTest" name="testPlayer_Picks_One_Usable_Item" time="0"/>
  <testcase classname="com.mprzypadlo.tests.thserver.model.PlayerTest" name="testPlayer_Picks_Two_Usable_Items_Of_Same_Name" time="0.001"/>
  <testcase classname="com.mprzypadlo.tests.thserver.model.PlayerTest" name="testSetBoard_Sets_New_Circle_And_Field" time="0.004"/>
</testsuite>